# JRE version: Java(TM) SE Runtime Environment (23.0+37) (build 23+37-2369)
# Java VM: Java HotSpot(TM) 64-Bit Server VM (23+37-2369, mixed mode, sharing, tiered, compressed oops, compressed class ptrs, g1 gc, windows-amd64)
GC Precious Log:
 CardTable entry size: 512
 Card Set container configuration: InlinePtr #cards 5 size 8 Array Of Cards #cards 10 size 36 Howl #buckets 4 coarsen threshold 1843 Howl Bitmap #cards 512 size 80 coarsen threshold 460 Card regions per heap region 1 cards per card region 2048
 CPUs: 12 total, 12 available
 Memory: 7860M
 Large Page Support: Disabled
 NUMA Support: Disabled
 Compressed Oops: Enabled (32-bit)
 Heap Region Size: 1M
 Heap Min Capacity: 8M
 Heap Initial Capacity: 124M
 Heap Max Capacity: 1966M
 Pre-touch: Disabled
 Parallel Workers: 10
 Concurrent Workers: 3
 Concurrent Refinement Workers: 10
 Periodic GC: Disabled
Heap:
 garbage-first heap   total reserved 2013184K, committed 51200K, used 30926K [0x0000000085200000, 0x0000000100000000)
  region size 1024K, 5 young (5120K), 3 survivors (3072K)
 Metaspace       used 69783K, committed 70400K, reserved 1114112K
  class space    used 9369K, committed 9664K, reserved 1048576K
GC Heap History (20 events):
Event: 6.348 GC heap before
{Heap before GC invocations=11 (full 0):
 garbage-first heap   total reserved 2013184K, committed 47104K, used 40446K [0x0000000085200000, 0x0000000100000000)
  region size 1024K, 21 young (21504K), 3 survivors (3072K)
 Metaspace       used 41834K, committed 42304K, reserved 1114112K
  class space    used 5261K, committed 5440K, reserved 1048576K
}
Event: 6.353 GC heap after
{Heap after GC invocations=12 (full 0):
 garbage-first heap   total reserved 2013184K, committed 47104K, used 22815K [0x0000000085200000, 0x0000000100000000)
  region size 1024K, 2 young (2048K), 2 survivors (2048K)
 Metaspace       used 41834K, committed 42304K, reserved 1114112K
  class space    used 5261K, committed 5440K, reserved 1048576K
}
Event: 7.055 GC heap before
{Heap before GC invocations=12 (full 0):
 garbage-first heap   total reserved 2013184K, committed 47104K, used 40223K [0x0000000085200000, 0x0000000100000000)
  region size 1024K, 19 young (19456K), 2 survivors (2048K)
 Metaspace       used 45516K, committed 46080K, reserved 1114112K
  class space    used 5766K, committed 6016K, reserved 1048576K
}
Event: 7.058 GC heap after
{Heap after GC invocations=13 (full 0):
 garbage-first heap   total reserved 2013184K, committed 47104K, used 23846K [0x0000000085200000, 0x0000000100000000)
  region size 1024K, 3 young (3072K), 3 survivors (3072K)
 Metaspace       used 45516K, committed 46080K, reserved 1114112K
  class space    used 5766K, committed 6016K, reserved 1048576K
}
Event: 7.666 GC heap before
{Heap before GC invocations=14 (full 0):
 garbage-first heap   total reserved 2013184K, committed 47104K, used 39206K [0x0000000085200000, 0x0000000100000000)
  region size 1024K, 19 young (19456K), 3 survivors (3072K)
 Metaspace       used 48809K, committed 49408K, reserved 1114112K
  class space    used 6368K, committed 6656K, reserved 1048576K
}
Event: 7.670 GC heap after
{Heap after GC invocations=15 (full 0):
 garbage-first heap   total reserved 2013184K, committed 47104K, used 24756K [0x0000000085200000, 0x0000000100000000)
  region size 1024K, 3 young (3072K), 3 survivors (3072K)
 Metaspace       used 48809K, committed 49408K, reserved 1114112K
  class space    used 6368K, committed 6656K, reserved 1048576K
}
Event: 8.570 GC heap before
{Heap before GC invocations=15 (full 0):
 garbage-first heap   total reserved 2013184K, committed 47104K, used 38068K [0x0000000085200000, 0x0000000100000000)
  region size 1024K, 17 young (17408K), 3 survivors (3072K)
 Metaspace       used 52954K, committed 53568K, reserved 1114112K
  class space    used 6841K, committed 7104K, reserved 1048576K
}
Event: 8.575 GC heap after
{Heap after GC invocations=16 (full 0):
 garbage-first heap   total reserved 2013184K, committed 47104K, used 25967K [0x0000000085200000, 0x0000000100000000)
  region size 1024K, 3 young (3072K), 3 survivors (3072K)
 Metaspace       used 52954K, committed 53568K, reserved 1114112K
  class space    used 6841K, committed 7104K, reserved 1048576K
}
Event: 9.124 GC heap before
{Heap before GC invocations=16 (full 0):
 garbage-first heap   total reserved 2013184K, committed 47104K, used 38255K [0x0000000085200000, 0x0000000100000000)
  region size 1024K, 16 young (16384K), 3 survivors (3072K)
 Metaspace       used 55746K, committed 56320K, reserved 1114112K
  class space    used 7251K, committed 7552K, reserved 1048576K
}
Event: 9.128 GC heap after
{Heap after GC invocations=17 (full 0):
 garbage-first heap   total reserved 2013184K, committed 47104K, used 27208K [0x0000000085200000, 0x0000000100000000)
  region size 1024K, 2 young (2048K), 2 survivors (2048K)
 Metaspace       used 55746K, committed 56320K, reserved 1114112K
  class space    used 7251K, committed 7552K, reserved 1048576K
}
Event: 9.579 GC heap before
{Heap before GC invocations=18 (full 0):
 garbage-first heap   total reserved 2013184K, committed 48128K, used 39496K [0x0000000085200000, 0x0000000100000000)
  region size 1024K, 15 young (15360K), 2 survivors (2048K)
 Metaspace       used 58075K, committed 58688K, reserved 1114112K
  class space    used 7540K, committed 7808K, reserved 1048576K
}
Event: 9.581 GC heap after
{Heap after GC invocations=19 (full 0):
 garbage-first heap   total reserved 2013184K, committed 48128K, used 28066K [0x0000000085200000, 0x0000000100000000)
  region size 1024K, 1 young (1024K), 1 survivors (1024K)
 Metaspace       used 58075K, committed 58688K, reserved 1114112K
  class space    used 7540K, committed 7808K, reserved 1048576K
}
Event: 9.916 GC heap before
{Heap before GC invocations=19 (full 0):
 garbage-first heap   total reserved 2013184K, committed 48128K, used 42402K [0x0000000085200000, 0x0000000100000000)
  region size 1024K, 16 young (16384K), 1 survivors (1024K)
 Metaspace       used 62580K, committed 63168K, reserved 1114112K
  class space    used 8178K, committed 8448K, reserved 1048576K
}
Event: 9.919 GC heap after
{Heap after GC invocations=20 (full 0):
 garbage-first heap   total reserved 2013184K, committed 48128K, used 28514K [0x0000000085200000, 0x0000000100000000)
  region size 1024K, 2 young (2048K), 2 survivors (2048K)
 Metaspace       used 62580K, committed 63168K, reserved 1114112K
  class space    used 8178K, committed 8448K, reserved 1048576K
}
Event: 10.246 GC heap before
{Heap before GC invocations=20 (full 0):
 garbage-first heap   total reserved 2013184K, committed 48128K, used 41826K [0x0000000085200000, 0x0000000100000000)
  region size 1024K, 15 young (15360K), 2 survivors (2048K)
 Metaspace       used 65115K, committed 65664K, reserved 1114112K
  class space    used 8661K, committed 8896K, reserved 1048576K
}
Event: 10.249 GC heap after
{Heap after GC invocations=21 (full 0):
 garbage-first heap   total reserved 2013184K, committed 48128K, used 29032K [0x0000000085200000, 0x0000000100000000)
  region size 1024K, 2 young (2048K), 2 survivors (2048K)
 Metaspace       used 65115K, committed 65664K, reserved 1114112K
  class space    used 8661K, committed 8896K, reserved 1048576K
}
Event: 10.490 GC heap before
{Heap before GC invocations=22 (full 0):
 garbage-first heap   total reserved 2013184K, committed 51200K, used 41320K [0x0000000085200000, 0x0000000100000000)
  region size 1024K, 14 young (14336K), 2 survivors (2048K)
 Metaspace       used 66012K, committed 66624K, reserved 1114112K
  class space    used 8801K, committed 9088K, reserved 1048576K
}
Event: 10.492 GC heap after
{Heap after GC invocations=23 (full 0):
 garbage-first heap   total reserved 2013184K, committed 51200K, used 29227K [0x0000000085200000, 0x0000000100000000)
  region size 1024K, 2 young (2048K), 2 survivors (2048K)
 Metaspace       used 66012K, committed 66624K, reserved 1114112K
  class space    used 8801K, committed 9088K, reserved 1048576K
}
Event: 11.002 GC heap before
{Heap before GC invocations=23 (full 0):
 garbage-first heap   total reserved 2013184K, committed 51200K, used 43563K [0x0000000085200000, 0x0000000100000000)
  region size 1024K, 17 young (17408K), 2 survivors (2048K)
 Metaspace       used 69647K, committed 70272K, reserved 1114112K
  class space    used 9358K, committed 9664K, reserved 1048576K
}
Event: 11.006 GC heap after
{Heap after GC invocations=24 (full 0):
 garbage-first heap   total reserved 2013184K, committed 51200K, used 29902K [0x0000000085200000, 0x0000000100000000)
  region size 1024K, 3 young (3072K), 3 survivors (3072K)
 Metaspace       used 69647K, committed 70272K, reserved 1114112K
  class space    used 9358K, committed 9664K, reserved 1048576K
}

